Flutter crash report.
Please report a bug at https://github.com/flutter/flutter/issues.

## command

flutter analyze lib/screens/donation/

## exception

_Exception: Exception: analysis server exited with code 64 and output:
[stderr] 
[stderr] Project
[stderr]   compile    Compile Dart to various formats.
[stderr]   create     Create a new Dart project.
[stderr]   pub        Work with packages.
[stderr]   run        Run a Dart program.
[stderr]   test       Run tests for a project.
[stderr] 
[stderr] Source code
[stderr]   analyze    Analyze Dart code in a directory.
[stderr]   doc        Generate API documentation for Dart projects.
[stderr]   fix        Apply automated fixes to Dart source code.
[stderr]   format     Idiomatically format Dart source code.
[stderr] 
[stderr] Tools
[stderr]   devtools   Open DevTools (optionally connecting to an existing application).
[stderr]   info       Show diagnostic information about the installed tooling.
[stderr] 
[stderr] Run "dart help <command>" for more information about a command.
[stderr] See https://dart.dev/tools/dart-tool for detailed documentation.

```
```

## flutter doctor

```
[✓] Flutter (Channel stable, 3.35.4, on macOS 15.5 24F74 darwin-arm64, locale en-IN) [4.1s]
    • Flutter version 3.35.4 on channel stable at /Users/aryanraikwar/Downloads/flutter
    • Upstream repository https://github.com/flutter/flutter.git
    • Framework revision d693b4b9db (10 days ago), 2025-09-16 14:27:41 +0000
    • Engine revision c298091351
    • Dart version 3.9.2
    • DevTools version 2.48.0
    • Feature flags: enable-web, enable-linux-desktop, enable-macos-desktop, enable-windows-desktop, enable-android, enable-ios, cli-animations, enable-lldb-debugging

[✓] Android toolchain - develop for Android devices (Android SDK version 36.0.0) [23.4s]
    • Android SDK at /Users/aryanraikwar/Library/Android/sdk
    • Emulator version 35.5.10.0 (build_id 13402964) (CL:N/A)
    • Platform android-36, build-tools 36.0.0
    • Java binary at: /Users/aryanraikwar/Library/Java/JavaVirtualMachines/corretto-17.0.14/Contents/Home/bin/java
      This JDK is specified in your Flutter configuration.
      To change the current JDK, run: `flutter config --jdk-dir="path/to/jdk"`.
    • Java version OpenJDK Runtime Environment Corretto-17.0.14.7.1 (build 17.0.14+7-LTS)
    • All Android licenses accepted.

[✓] Xcode - develop for iOS and macOS (Xcode 16.2) [12.2s]
    • Xcode at /Applications/Xcode.app/Contents/Developer
    • Build 16C5032a
    • CocoaPods version 1.16.2

[✓] Chrome - develop for the web [129ms]
    • Chrome at /Applications/Google Chrome.app/Contents/MacOS/Google Chrome

[✓] Android Studio (version 2024.3) [120ms]
    • Android Studio at /Applications/Android Studio.app/Contents
    • Flutter plugin can be installed from:
      🔨 https://plugins.jetbrains.com/plugin/9212-flutter
    • Dart plugin can be installed from:
      🔨 https://plugins.jetbrains.com/plugin/6351-dart
    • Java version OpenJDK Runtime Environment (build 21.0.6+-13368085-b895.109)

[✓] VS Code (version 1.104.1) [96ms]
    • VS Code at /Applications/Visual Studio Code.app/Contents
    • Flutter extension version 3.118.0

[✓] Connected device (3 available) [35.7s]
    • sdk gphone64 arm64 (mobile) • emulator-5554 • android-arm64  • Android 16 (API 36) (emulator)
    • macOS (desktop)             • macos         • darwin-arm64   • macOS 15.5 24F74 darwin-arm64
    • Chrome (web)                • chrome        • web-javascript • Google Chrome 140.0.7339.186
    ! Error: Browsing on the local area network for iPhone 13 pro max. Ensure the device is unlocked and attached with a cable or associated with the same local area network as this Mac.
      The device must be opted into Developer Mode to connect wirelessly. (code -27)
    ! Error: Browsing on the local area network for Aryan ’s iPad. Ensure the device is unlocked and attached with a cable or associated with the same local area network as this Mac.
      The device must be opted into Developer Mode to connect wirelessly. (code -27)

[✓] Network resources [2.5s]
    • All expected network resources are available.

• No issues found!
```
